f:\tijssengine v001\tijssengine v001\debug\vc141.pdb
f:\tijssengine v001\tijssengine v001\debug\vc141.idb
f:\tijssengine v001\tijssengine v001\debug\gamecontroller.obj
f:\tijssengine v001\tijssengine v001\debug\gamelevel.obj
f:\tijssengine v001\tijssengine v001\debug\graphics.obj
f:\tijssengine v001\tijssengine v001\debug\input.obj
f:\tijssengine v001\tijssengine v001\debug\level1.obj
f:\tijssengine v001\tijssengine v001\debug\main.obj
f:\tijssengine v001\tijssengine v001\debug\sound.obj
f:\tijssengine v001\tijssengine v001\debug\spritesheet.obj
f:\tijssengine v001\tijssengine v001\debug\spritemanager.obj
f:\tijssengine v001\debug\tijssengine v001.exe
f:\tijssengine v001\debug\tijssengine v001.ilk
f:\tijssengine v001\debug\tijssengine v001.pdb
f:\tijssengine v001\tijssengine v001\debug\tijssengine v001.tlog\cl.command.1.tlog
f:\tijssengine v001\tijssengine v001\debug\tijssengine v001.tlog\cl.read.1.tlog
f:\tijssengine v001\tijssengine v001\debug\tijssengine v001.tlog\cl.write.1.tlog
f:\tijssengine v001\tijssengine v001\debug\tijssengine v001.tlog\link.command.1.tlog
f:\tijssengine v001\tijssengine v001\debug\tijssengine v001.tlog\link.read.1.tlog
f:\tijssengine v001\tijssengine v001\debug\tijssengine v001.tlog\link.write.1.tlog
